<?xml version="1.0" encoding="UTF-8"?>
<!-- Generated by org.testng.reporters.JUnitXMLReporter -->
<testsuite ignored="0" hostname="MSI" failures="0" tests="2" name="Default test" time="38.95" errors="0" timestamp="2024-03-23T14:15:14 IST">
  <testcase classname="com.qa.Salesforce.base.BaseTest" name="@BeforeTest setup" time="38.917">
    <failure type="com.microsoft.playwright.TimeoutError" message="Error {
  message=&amp;apos;Timeout 30000ms exceeded.
  name=&amp;apos;TimeoutError
  stack=&amp;apos;TimeoutError: Timeout 30000ms exceeded.
    at ProgressController.run (C:\Users\mohom\AppData\Local\Temp\playwright-java-9213800449633980264\package\lib\server\progress.js:87:26)
    at Frame.fill (C:\Users\mohom\AppData\Local\Temp\playwright-java-9213800449633980264\package\lib\server\frames.js:1039:23)
    at FrameDispatcher.fill (C:\Users\mohom\AppData\Local\Temp\playwright-java-9213800449633980264\package\lib\server\dispatchers\frameDispatcher.js:164:30)
    at FrameDispatcher._handleCommand (C:\Users\mohom\AppData\Local\Temp\playwright-java-9213800449633980264\package\lib\server\dispatchers\dispatcher.js:84:40)
    at DispatcherConnection.dispatch (C:\Users\mohom\AppData\Local\Temp\playwright-java-9213800449633980264\package\lib\server\dispatchers\dispatcher.js:351:39)
}
Call log:
- waiting for locator(&amp;quot;//input[@name=&amp;apos;username&amp;apos;]&amp;quot;)
">
      <![CDATA[com.microsoft.playwright.TimeoutError: Error {
  message='Timeout 30000ms exceeded.
  name='TimeoutError
  stack='TimeoutError: Timeout 30000ms exceeded.
    at ProgressController.run (C:\Users\mohom\AppData\Local\Temp\playwright-java-9213800449633980264\package\lib\server\progress.js:87:26)
    at Frame.fill (C:\Users\mohom\AppData\Local\Temp\playwright-java-9213800449633980264\package\lib\server\frames.js:1039:23)
    at FrameDispatcher.fill (C:\Users\mohom\AppData\Local\Temp\playwright-java-9213800449633980264\package\lib\server\dispatchers\frameDispatcher.js:164:30)
    at FrameDispatcher._handleCommand (C:\Users\mohom\AppData\Local\Temp\playwright-java-9213800449633980264\package\lib\server\dispatchers\dispatcher.js:84:40)
    at DispatcherConnection.dispatch (C:\Users\mohom\AppData\Local\Temp\playwright-java-9213800449633980264\package\lib\server\dispatchers\dispatcher.js:351:39)
}
Call log:
- waiting for locator("//input[@name='username']")

at com.microsoft.playwright.impl.WaitableResult.get(WaitableResult.java:52)
at com.microsoft.playwright.impl.ChannelOwner.runUntil(ChannelOwner.java:120)
at com.microsoft.playwright.impl.Connection.sendMessage(Connection.java:129)
at com.microsoft.playwright.impl.ChannelOwner.sendMessage(ChannelOwner.java:106)
at com.microsoft.playwright.impl.FrameImpl.fillImpl(FrameImpl.java:335)
at com.microsoft.playwright.impl.PageImpl.lambda$fill$27(PageImpl.java:665)
at com.microsoft.playwright.impl.LoggingSupport.lambda$withLogging$0(LoggingSupport.java:36)
at com.microsoft.playwright.impl.LoggingSupport.withLogging(LoggingSupport.java:47)
at com.microsoft.playwright.impl.ChannelOwner.withLogging(ChannelOwner.java:89)
at com.microsoft.playwright.impl.LoggingSupport.withLogging(LoggingSupport.java:35)
at com.microsoft.playwright.impl.PageImpl.fill(PageImpl.java:664)
at com.microsoft.playwright.Page.fill(Page.java:4568)
at com.qa.Salesforce.pages.LoginPage.logintosalesforce(LoginPage.java:33)
at com.qa.Salesforce.base.BaseTest.setup(BaseTest.java:45)
at java.base/jdk.internal.reflect.NativeMethodAccessorImpl.invoke0(Native Method)
at java.base/jdk.internal.reflect.NativeMethodAccessorImpl.invoke(NativeMethodAccessorImpl.java:77)
at java.base/jdk.internal.reflect.DelegatingMethodAccessorImpl.invoke(DelegatingMethodAccessorImpl.java:43)
at java.base/java.lang.reflect.Method.invoke(Method.java:568)
at org.testng.internal.MethodInvocationHelper.invokeMethod(MethodInvocationHelper.java:133)
at org.testng.internal.MethodInvocationHelper.invokeMethodConsideringTimeout(MethodInvocationHelper.java:62)
at org.testng.internal.ConfigInvoker.invokeConfigurationMethod(ConfigInvoker.java:385)
at org.testng.internal.ConfigInvoker.invokeConfigurations(ConfigInvoker.java:321)
at org.testng.TestRunner.invokeTestConfigurations(TestRunner.java:637)
at org.testng.TestRunner.beforeRun(TestRunner.java:627)
at org.testng.TestRunner.run(TestRunner.java:589)
at org.testng.SuiteRunner.runTest(SuiteRunner.java:377)
at org.testng.SuiteRunner.runSequentially(SuiteRunner.java:371)
at org.testng.SuiteRunner.privateRun(SuiteRunner.java:332)
at org.testng.SuiteRunner.run(SuiteRunner.java:276)
at org.testng.SuiteRunnerWorker.runSuite(SuiteRunnerWorker.java:53)
at org.testng.SuiteRunnerWorker.run(SuiteRunnerWorker.java:96)
at org.testng.TestNG.runSuitesSequentially(TestNG.java:1212)
at org.testng.TestNG.runSuitesLocally(TestNG.java:1134)
at org.testng.TestNG.runSuites(TestNG.java:1063)
at org.testng.TestNG.run(TestNG.java:1031)
at org.testng.remote.AbstractRemoteTestNG.run(AbstractRemoteTestNG.java:115)
at org.testng.remote.RemoteTestNG.initAndRun(RemoteTestNG.java:251)
at org.testng.remote.RemoteTestNG.main(RemoteTestNG.java:77)
Caused by: com.microsoft.playwright.TimeoutError: Error {
  message='Timeout 30000ms exceeded.
  name='TimeoutError
  stack='TimeoutError: Timeout 30000ms exceeded.
    at ProgressController.run (C:\Users\mohom\AppData\Local\Temp\playwright-java-9213800449633980264\package\lib\server\progress.js:87:26)
    at Frame.fill (C:\Users\mohom\AppData\Local\Temp\playwright-java-9213800449633980264\package\lib\server\frames.js:1039:23)
    at FrameDispatcher.fill (C:\Users\mohom\AppData\Local\Temp\playwright-java-9213800449633980264\package\lib\server\dispatchers\frameDispatcher.js:164:30)
    at FrameDispatcher._handleCommand (C:\Users\mohom\AppData\Local\Temp\playwright-java-9213800449633980264\package\lib\server\dispatchers\dispatcher.js:84:40)
    at DispatcherConnection.dispatch (C:\Users\mohom\AppData\Local\Temp\playwright-java-9213800449633980264\package\lib\server\dispatchers\dispatcher.js:351:39)
}
Call log:
- waiting for locator("//input[@name='username']")

at com.microsoft.playwright.impl.Connection.dispatch(Connection.java:252)
at com.microsoft.playwright.impl.Connection.processOneMessage(Connection.java:209)
at com.microsoft.playwright.impl.ChannelOwner.runUntil(ChannelOwner.java:118)
... 36 more
]]>
    </failure>
  </testcase> <!-- @BeforeTest setup -->
  <testcase classname="com.qa.Salesforce.base.BaseTest" name="@AfterTest tearDown" time="-1.711183514804E9">
    <skipped/>
  </testcase> <!-- @AfterTest tearDown -->
  <testcase classname="com.qa.Salesforce.tests.TC_01_CreationofProsOpportunity" name="creationofOpp" time="0.0">
    <skipped/>
  </testcase> <!-- creationofOpp -->
  <testcase classname="com.qa.Salesforce.tests.TC_01_CreationofProsOpportunity" name="loginpagetitleTest" time="0.0">
    <skipped/>
  </testcase> <!-- loginpagetitleTest -->
</testsuite> <!-- Default test -->
