<?xml version="1.0" encoding="UTF-8"?>
<testng-results ignored="0" total="2" passed="0" failed="0" skipped="2">
  <reporter-output>
  </reporter-output>
  <suite started-at="2024-03-23T14:14:35 IST" name="Default suite" finished-at="2024-03-23T14:15:14 IST" duration-ms="38950">
    <groups>
    </groups>
    <test started-at="2024-03-23T14:14:35 IST" name="Default test" finished-at="2024-03-23T14:15:14 IST" duration-ms="38950">
      <class name="com.qa.Salesforce.tests.TC_01_CreationofProsOpportunity">
        <test-method is-config="true" signature="setup()[pri:0, instance:com.qa.Salesforce.tests.TC_01_CreationofProsOpportunity@7a69b07]" started-at="2024-03-23T14:14:35 IST" name="setup" finished-at="2024-03-23T14:15:14 IST" duration-ms="38917" status="FAIL">
          <exception class="com.microsoft.playwright.TimeoutError">
            <message>
              <![CDATA[Error {
  message='Timeout 30000ms exceeded.
  name='TimeoutError
  stack='TimeoutError: Timeout 30000ms exceeded.
    at ProgressController.run (C:\Users\mohom\AppData\Local\Temp\playwright-java-9213800449633980264\package\lib\server\progress.js:87:26)
    at Frame.fill (C:\Users\mohom\AppData\Local\Temp\playwright-java-9213800449633980264\package\lib\server\frames.js:1039:23)
    at FrameDispatcher.fill (C:\Users\mohom\AppData\Local\Temp\playwright-java-9213800449633980264\package\lib\server\dispatchers\frameDispatcher.js:164:30)
    at FrameDispatcher._handleCommand (C:\Users\mohom\AppData\Local\Temp\playwright-java-9213800449633980264\package\lib\server\dispatchers\dispatcher.js:84:40)
    at DispatcherConnection.dispatch (C:\Users\mohom\AppData\Local\Temp\playwright-java-9213800449633980264\package\lib\server\dispatchers\dispatcher.js:351:39)
}
Call log:
- waiting for locator("//input[@name='username']")
]]>
            </message>
            <full-stacktrace>
              <![CDATA[com.microsoft.playwright.TimeoutError: Error {
  message='Timeout 30000ms exceeded.
  name='TimeoutError
  stack='TimeoutError: Timeout 30000ms exceeded.
    at ProgressController.run (C:\Users\mohom\AppData\Local\Temp\playwright-java-9213800449633980264\package\lib\server\progress.js:87:26)
    at Frame.fill (C:\Users\mohom\AppData\Local\Temp\playwright-java-9213800449633980264\package\lib\server\frames.js:1039:23)
    at FrameDispatcher.fill (C:\Users\mohom\AppData\Local\Temp\playwright-java-9213800449633980264\package\lib\server\dispatchers\frameDispatcher.js:164:30)
    at FrameDispatcher._handleCommand (C:\Users\mohom\AppData\Local\Temp\playwright-java-9213800449633980264\package\lib\server\dispatchers\dispatcher.js:84:40)
    at DispatcherConnection.dispatch (C:\Users\mohom\AppData\Local\Temp\playwright-java-9213800449633980264\package\lib\server\dispatchers\dispatcher.js:351:39)
}
Call log:
- waiting for locator("//input[@name='username']")

at com.microsoft.playwright.impl.WaitableResult.get(WaitableResult.java:52)
at com.microsoft.playwright.impl.ChannelOwner.runUntil(ChannelOwner.java:120)
at com.microsoft.playwright.impl.Connection.sendMessage(Connection.java:129)
at com.microsoft.playwright.impl.ChannelOwner.sendMessage(ChannelOwner.java:106)
at com.microsoft.playwright.impl.FrameImpl.fillImpl(FrameImpl.java:335)
at com.microsoft.playwright.impl.PageImpl.lambda$fill$27(PageImpl.java:665)
at com.microsoft.playwright.impl.LoggingSupport.lambda$withLogging$0(LoggingSupport.java:36)
at com.microsoft.playwright.impl.LoggingSupport.withLogging(LoggingSupport.java:47)
at com.microsoft.playwright.impl.ChannelOwner.withLogging(ChannelOwner.java:89)
at com.microsoft.playwright.impl.LoggingSupport.withLogging(LoggingSupport.java:35)
at com.microsoft.playwright.impl.PageImpl.fill(PageImpl.java:664)
at com.microsoft.playwright.Page.fill(Page.java:4568)
at com.qa.Salesforce.pages.LoginPage.logintosalesforce(LoginPage.java:33)
at com.qa.Salesforce.base.BaseTest.setup(BaseTest.java:45)
at java.base/jdk.internal.reflect.NativeMethodAccessorImpl.invoke0(Native Method)
at java.base/jdk.internal.reflect.NativeMethodAccessorImpl.invoke(NativeMethodAccessorImpl.java:77)
at java.base/jdk.internal.reflect.DelegatingMethodAccessorImpl.invoke(DelegatingMethodAccessorImpl.java:43)
at java.base/java.lang.reflect.Method.invoke(Method.java:568)
at org.testng.internal.MethodInvocationHelper.invokeMethod(MethodInvocationHelper.java:133)
at org.testng.internal.MethodInvocationHelper.invokeMethodConsideringTimeout(MethodInvocationHelper.java:62)
at org.testng.internal.ConfigInvoker.invokeConfigurationMethod(ConfigInvoker.java:385)
at org.testng.internal.ConfigInvoker.invokeConfigurations(ConfigInvoker.java:321)
at org.testng.TestRunner.invokeTestConfigurations(TestRunner.java:637)
at org.testng.TestRunner.beforeRun(TestRunner.java:627)
at org.testng.TestRunner.run(TestRunner.java:589)
at org.testng.SuiteRunner.runTest(SuiteRunner.java:377)
at org.testng.SuiteRunner.runSequentially(SuiteRunner.java:371)
at org.testng.SuiteRunner.privateRun(SuiteRunner.java:332)
at org.testng.SuiteRunner.run(SuiteRunner.java:276)
at org.testng.SuiteRunnerWorker.runSuite(SuiteRunnerWorker.java:53)
at org.testng.SuiteRunnerWorker.run(SuiteRunnerWorker.java:96)
at org.testng.TestNG.runSuitesSequentially(TestNG.java:1212)
at org.testng.TestNG.runSuitesLocally(TestNG.java:1134)
at org.testng.TestNG.runSuites(TestNG.java:1063)
at org.testng.TestNG.run(TestNG.java:1031)
at org.testng.remote.AbstractRemoteTestNG.run(AbstractRemoteTestNG.java:115)
at org.testng.remote.RemoteTestNG.initAndRun(RemoteTestNG.java:251)
at org.testng.remote.RemoteTestNG.main(RemoteTestNG.java:77)
Caused by: com.microsoft.playwright.TimeoutError: Error {
  message='Timeout 30000ms exceeded.
  name='TimeoutError
  stack='TimeoutError: Timeout 30000ms exceeded.
    at ProgressController.run (C:\Users\mohom\AppData\Local\Temp\playwright-java-9213800449633980264\package\lib\server\progress.js:87:26)
    at Frame.fill (C:\Users\mohom\AppData\Local\Temp\playwright-java-9213800449633980264\package\lib\server\frames.js:1039:23)
    at FrameDispatcher.fill (C:\Users\mohom\AppData\Local\Temp\playwright-java-9213800449633980264\package\lib\server\dispatchers\frameDispatcher.js:164:30)
    at FrameDispatcher._handleCommand (C:\Users\mohom\AppData\Local\Temp\playwright-java-9213800449633980264\package\lib\server\dispatchers\dispatcher.js:84:40)
    at DispatcherConnection.dispatch (C:\Users\mohom\AppData\Local\Temp\playwright-java-9213800449633980264\package\lib\server\dispatchers\dispatcher.js:351:39)
}
Call log:
- waiting for locator("//input[@name='username']")

at com.microsoft.playwright.impl.Connection.dispatch(Connection.java:252)
at com.microsoft.playwright.impl.Connection.processOneMessage(Connection.java:209)
at com.microsoft.playwright.impl.ChannelOwner.runUntil(ChannelOwner.java:118)
... 36 more
]]>
            </full-stacktrace>
          </exception> <!-- com.microsoft.playwright.TimeoutError -->
          <reporter-output>
          </reporter-output>
        </test-method> <!-- setup -->
        <test-method signature="creationofOpp()[pri:0, instance:com.qa.Salesforce.tests.TC_01_CreationofProsOpportunity@7a69b07]" started-at="2024-03-23T14:15:14 IST" name="creationofOpp" finished-at="2024-03-23T14:15:14 IST" duration-ms="0" status="SKIP">
          <exception class="com.microsoft.playwright.TimeoutError">
            <message>
              <![CDATA[Error {
  message='Timeout 30000ms exceeded.
  name='TimeoutError
  stack='TimeoutError: Timeout 30000ms exceeded.
    at ProgressController.run (C:\Users\mohom\AppData\Local\Temp\playwright-java-9213800449633980264\package\lib\server\progress.js:87:26)
    at Frame.fill (C:\Users\mohom\AppData\Local\Temp\playwright-java-9213800449633980264\package\lib\server\frames.js:1039:23)
    at FrameDispatcher.fill (C:\Users\mohom\AppData\Local\Temp\playwright-java-9213800449633980264\package\lib\server\dispatchers\frameDispatcher.js:164:30)
    at FrameDispatcher._handleCommand (C:\Users\mohom\AppData\Local\Temp\playwright-java-9213800449633980264\package\lib\server\dispatchers\dispatcher.js:84:40)
    at DispatcherConnection.dispatch (C:\Users\mohom\AppData\Local\Temp\playwright-java-9213800449633980264\package\lib\server\dispatchers\dispatcher.js:351:39)
}
Call log:
- waiting for locator("//input[@name='username']")
]]>
            </message>
            <full-stacktrace>
              <![CDATA[com.microsoft.playwright.TimeoutError: Error {
  message='Timeout 30000ms exceeded.
  name='TimeoutError
  stack='TimeoutError: Timeout 30000ms exceeded.
    at ProgressController.run (C:\Users\mohom\AppData\Local\Temp\playwright-java-9213800449633980264\package\lib\server\progress.js:87:26)
    at Frame.fill (C:\Users\mohom\AppData\Local\Temp\playwright-java-9213800449633980264\package\lib\server\frames.js:1039:23)
    at FrameDispatcher.fill (C:\Users\mohom\AppData\Local\Temp\playwright-java-9213800449633980264\package\lib\server\dispatchers\frameDispatcher.js:164:30)
    at FrameDispatcher._handleCommand (C:\Users\mohom\AppData\Local\Temp\playwright-java-9213800449633980264\package\lib\server\dispatchers\dispatcher.js:84:40)
    at DispatcherConnection.dispatch (C:\Users\mohom\AppData\Local\Temp\playwright-java-9213800449633980264\package\lib\server\dispatchers\dispatcher.js:351:39)
}
Call log:
- waiting for locator("//input[@name='username']")

at com.microsoft.playwright.impl.WaitableResult.get(WaitableResult.java:52)
at com.microsoft.playwright.impl.ChannelOwner.runUntil(ChannelOwner.java:120)
at com.microsoft.playwright.impl.Connection.sendMessage(Connection.java:129)
at com.microsoft.playwright.impl.ChannelOwner.sendMessage(ChannelOwner.java:106)
at com.microsoft.playwright.impl.FrameImpl.fillImpl(FrameImpl.java:335)
at com.microsoft.playwright.impl.PageImpl.lambda$fill$27(PageImpl.java:665)
at com.microsoft.playwright.impl.LoggingSupport.lambda$withLogging$0(LoggingSupport.java:36)
at com.microsoft.playwright.impl.LoggingSupport.withLogging(LoggingSupport.java:47)
at com.microsoft.playwright.impl.ChannelOwner.withLogging(ChannelOwner.java:89)
at com.microsoft.playwright.impl.LoggingSupport.withLogging(LoggingSupport.java:35)
at com.microsoft.playwright.impl.PageImpl.fill(PageImpl.java:664)
at com.microsoft.playwright.Page.fill(Page.java:4568)
at com.qa.Salesforce.pages.LoginPage.logintosalesforce(LoginPage.java:33)
at com.qa.Salesforce.base.BaseTest.setup(BaseTest.java:45)
at java.base/jdk.internal.reflect.NativeMethodAccessorImpl.invoke0(Native Method)
at java.base/jdk.internal.reflect.NativeMethodAccessorImpl.invoke(NativeMethodAccessorImpl.java:77)
at java.base/jdk.internal.reflect.DelegatingMethodAccessorImpl.invoke(DelegatingMethodAccessorImpl.java:43)
at java.base/java.lang.reflect.Method.invoke(Method.java:568)
at org.testng.internal.MethodInvocationHelper.invokeMethod(MethodInvocationHelper.java:133)
at org.testng.internal.MethodInvocationHelper.invokeMethodConsideringTimeout(MethodInvocationHelper.java:62)
at org.testng.internal.ConfigInvoker.invokeConfigurationMethod(ConfigInvoker.java:385)
at org.testng.internal.ConfigInvoker.invokeConfigurations(ConfigInvoker.java:321)
at org.testng.TestRunner.invokeTestConfigurations(TestRunner.java:637)
at org.testng.TestRunner.beforeRun(TestRunner.java:627)
at org.testng.TestRunner.run(TestRunner.java:589)
at org.testng.SuiteRunner.runTest(SuiteRunner.java:377)
at org.testng.SuiteRunner.runSequentially(SuiteRunner.java:371)
at org.testng.SuiteRunner.privateRun(SuiteRunner.java:332)
at org.testng.SuiteRunner.run(SuiteRunner.java:276)
at org.testng.SuiteRunnerWorker.runSuite(SuiteRunnerWorker.java:53)
at org.testng.SuiteRunnerWorker.run(SuiteRunnerWorker.java:96)
at org.testng.TestNG.runSuitesSequentially(TestNG.java:1212)
at org.testng.TestNG.runSuitesLocally(TestNG.java:1134)
at org.testng.TestNG.runSuites(TestNG.java:1063)
at org.testng.TestNG.run(TestNG.java:1031)
at org.testng.remote.AbstractRemoteTestNG.run(AbstractRemoteTestNG.java:115)
at org.testng.remote.RemoteTestNG.initAndRun(RemoteTestNG.java:251)
at org.testng.remote.RemoteTestNG.main(RemoteTestNG.java:77)
Caused by: com.microsoft.playwright.TimeoutError: Error {
  message='Timeout 30000ms exceeded.
  name='TimeoutError
  stack='TimeoutError: Timeout 30000ms exceeded.
    at ProgressController.run (C:\Users\mohom\AppData\Local\Temp\playwright-java-9213800449633980264\package\lib\server\progress.js:87:26)
    at Frame.fill (C:\Users\mohom\AppData\Local\Temp\playwright-java-9213800449633980264\package\lib\server\frames.js:1039:23)
    at FrameDispatcher.fill (C:\Users\mohom\AppData\Local\Temp\playwright-java-9213800449633980264\package\lib\server\dispatchers\frameDispatcher.js:164:30)
    at FrameDispatcher._handleCommand (C:\Users\mohom\AppData\Local\Temp\playwright-java-9213800449633980264\package\lib\server\dispatchers\dispatcher.js:84:40)
    at DispatcherConnection.dispatch (C:\Users\mohom\AppData\Local\Temp\playwright-java-9213800449633980264\package\lib\server\dispatchers\dispatcher.js:351:39)
}
Call log:
- waiting for locator("//input[@name='username']")

at com.microsoft.playwright.impl.Connection.dispatch(Connection.java:252)
at com.microsoft.playwright.impl.Connection.processOneMessage(Connection.java:209)
at com.microsoft.playwright.impl.ChannelOwner.runUntil(ChannelOwner.java:118)
... 36 more
]]>
            </full-stacktrace>
          </exception> <!-- com.microsoft.playwright.TimeoutError -->
          <reporter-output>
          </reporter-output>
        </test-method> <!-- creationofOpp -->
        <test-method signature="loginpagetitleTest()[pri:0, instance:com.qa.Salesforce.tests.TC_01_CreationofProsOpportunity@7a69b07]" started-at="2024-03-23T14:15:14 IST" name="loginpagetitleTest" finished-at="2024-03-23T14:15:14 IST" duration-ms="0" status="SKIP">
          <exception class="com.microsoft.playwright.TimeoutError">
            <message>
              <![CDATA[Error {
  message='Timeout 30000ms exceeded.
  name='TimeoutError
  stack='TimeoutError: Timeout 30000ms exceeded.
    at ProgressController.run (C:\Users\mohom\AppData\Local\Temp\playwright-java-9213800449633980264\package\lib\server\progress.js:87:26)
    at Frame.fill (C:\Users\mohom\AppData\Local\Temp\playwright-java-9213800449633980264\package\lib\server\frames.js:1039:23)
    at FrameDispatcher.fill (C:\Users\mohom\AppData\Local\Temp\playwright-java-9213800449633980264\package\lib\server\dispatchers\frameDispatcher.js:164:30)
    at FrameDispatcher._handleCommand (C:\Users\mohom\AppData\Local\Temp\playwright-java-9213800449633980264\package\lib\server\dispatchers\dispatcher.js:84:40)
    at DispatcherConnection.dispatch (C:\Users\mohom\AppData\Local\Temp\playwright-java-9213800449633980264\package\lib\server\dispatchers\dispatcher.js:351:39)
}
Call log:
- waiting for locator("//input[@name='username']")
]]>
            </message>
            <full-stacktrace>
              <![CDATA[com.microsoft.playwright.TimeoutError: Error {
  message='Timeout 30000ms exceeded.
  name='TimeoutError
  stack='TimeoutError: Timeout 30000ms exceeded.
    at ProgressController.run (C:\Users\mohom\AppData\Local\Temp\playwright-java-9213800449633980264\package\lib\server\progress.js:87:26)
    at Frame.fill (C:\Users\mohom\AppData\Local\Temp\playwright-java-9213800449633980264\package\lib\server\frames.js:1039:23)
    at FrameDispatcher.fill (C:\Users\mohom\AppData\Local\Temp\playwright-java-9213800449633980264\package\lib\server\dispatchers\frameDispatcher.js:164:30)
    at FrameDispatcher._handleCommand (C:\Users\mohom\AppData\Local\Temp\playwright-java-9213800449633980264\package\lib\server\dispatchers\dispatcher.js:84:40)
    at DispatcherConnection.dispatch (C:\Users\mohom\AppData\Local\Temp\playwright-java-9213800449633980264\package\lib\server\dispatchers\dispatcher.js:351:39)
}
Call log:
- waiting for locator("//input[@name='username']")

at com.microsoft.playwright.impl.WaitableResult.get(WaitableResult.java:52)
at com.microsoft.playwright.impl.ChannelOwner.runUntil(ChannelOwner.java:120)
at com.microsoft.playwright.impl.Connection.sendMessage(Connection.java:129)
at com.microsoft.playwright.impl.ChannelOwner.sendMessage(ChannelOwner.java:106)
at com.microsoft.playwright.impl.FrameImpl.fillImpl(FrameImpl.java:335)
at com.microsoft.playwright.impl.PageImpl.lambda$fill$27(PageImpl.java:665)
at com.microsoft.playwright.impl.LoggingSupport.lambda$withLogging$0(LoggingSupport.java:36)
at com.microsoft.playwright.impl.LoggingSupport.withLogging(LoggingSupport.java:47)
at com.microsoft.playwright.impl.ChannelOwner.withLogging(ChannelOwner.java:89)
at com.microsoft.playwright.impl.LoggingSupport.withLogging(LoggingSupport.java:35)
at com.microsoft.playwright.impl.PageImpl.fill(PageImpl.java:664)
at com.microsoft.playwright.Page.fill(Page.java:4568)
at com.qa.Salesforce.pages.LoginPage.logintosalesforce(LoginPage.java:33)
at com.qa.Salesforce.base.BaseTest.setup(BaseTest.java:45)
at java.base/jdk.internal.reflect.NativeMethodAccessorImpl.invoke0(Native Method)
at java.base/jdk.internal.reflect.NativeMethodAccessorImpl.invoke(NativeMethodAccessorImpl.java:77)
at java.base/jdk.internal.reflect.DelegatingMethodAccessorImpl.invoke(DelegatingMethodAccessorImpl.java:43)
at java.base/java.lang.reflect.Method.invoke(Method.java:568)
at org.testng.internal.MethodInvocationHelper.invokeMethod(MethodInvocationHelper.java:133)
at org.testng.internal.MethodInvocationHelper.invokeMethodConsideringTimeout(MethodInvocationHelper.java:62)
at org.testng.internal.ConfigInvoker.invokeConfigurationMethod(ConfigInvoker.java:385)
at org.testng.internal.ConfigInvoker.invokeConfigurations(ConfigInvoker.java:321)
at org.testng.TestRunner.invokeTestConfigurations(TestRunner.java:637)
at org.testng.TestRunner.beforeRun(TestRunner.java:627)
at org.testng.TestRunner.run(TestRunner.java:589)
at org.testng.SuiteRunner.runTest(SuiteRunner.java:377)
at org.testng.SuiteRunner.runSequentially(SuiteRunner.java:371)
at org.testng.SuiteRunner.privateRun(SuiteRunner.java:332)
at org.testng.SuiteRunner.run(SuiteRunner.java:276)
at org.testng.SuiteRunnerWorker.runSuite(SuiteRunnerWorker.java:53)
at org.testng.SuiteRunnerWorker.run(SuiteRunnerWorker.java:96)
at org.testng.TestNG.runSuitesSequentially(TestNG.java:1212)
at org.testng.TestNG.runSuitesLocally(TestNG.java:1134)
at org.testng.TestNG.runSuites(TestNG.java:1063)
at org.testng.TestNG.run(TestNG.java:1031)
at org.testng.remote.AbstractRemoteTestNG.run(AbstractRemoteTestNG.java:115)
at org.testng.remote.RemoteTestNG.initAndRun(RemoteTestNG.java:251)
at org.testng.remote.RemoteTestNG.main(RemoteTestNG.java:77)
Caused by: com.microsoft.playwright.TimeoutError: Error {
  message='Timeout 30000ms exceeded.
  name='TimeoutError
  stack='TimeoutError: Timeout 30000ms exceeded.
    at ProgressController.run (C:\Users\mohom\AppData\Local\Temp\playwright-java-9213800449633980264\package\lib\server\progress.js:87:26)
    at Frame.fill (C:\Users\mohom\AppData\Local\Temp\playwright-java-9213800449633980264\package\lib\server\frames.js:1039:23)
    at FrameDispatcher.fill (C:\Users\mohom\AppData\Local\Temp\playwright-java-9213800449633980264\package\lib\server\dispatchers\frameDispatcher.js:164:30)
    at FrameDispatcher._handleCommand (C:\Users\mohom\AppData\Local\Temp\playwright-java-9213800449633980264\package\lib\server\dispatchers\dispatcher.js:84:40)
    at DispatcherConnection.dispatch (C:\Users\mohom\AppData\Local\Temp\playwright-java-9213800449633980264\package\lib\server\dispatchers\dispatcher.js:351:39)
}
Call log:
- waiting for locator("//input[@name='username']")

at com.microsoft.playwright.impl.Connection.dispatch(Connection.java:252)
at com.microsoft.playwright.impl.Connection.processOneMessage(Connection.java:209)
at com.microsoft.playwright.impl.ChannelOwner.runUntil(ChannelOwner.java:118)
... 36 more
]]>
            </full-stacktrace>
          </exception> <!-- com.microsoft.playwright.TimeoutError -->
          <reporter-output>
          </reporter-output>
        </test-method> <!-- loginpagetitleTest -->
        <test-method is-config="true" signature="tearDown()[pri:0, instance:com.qa.Salesforce.tests.TC_01_CreationofProsOpportunity@7a69b07]" started-at="2024-03-23T14:15:14 IST" name="tearDown" finished-at="1970-01-01T05:30:00 IST" duration-ms="-1711183514804" status="SKIP">
          <reporter-output>
          </reporter-output>
        </test-method> <!-- tearDown -->
      </class> <!-- com.qa.Salesforce.tests.TC_01_CreationofProsOpportunity -->
    </test> <!-- Default test -->
  </suite> <!-- Default suite -->
</testng-results>
